<?xml version="1.0" encoding="UTF-8"?>
<!-- Generated by org.testng.reporters.JUnitReportReporter -->
<testsuite skipped="0" hostname="DESKTOP-3SUJPVT" name="com.qa.guru.testCases.TestBase" tests="1" failures="0" timestamp="04 Mar 2019 17:42:08 GMT" time="0.025" errors="0">
  <testcase name="success" time="0.025" classname="com.qa.guru.testCases.TestBase"/>
</testsuite> <!-- com.qa.guru.testCases.TestBase -->
