<?xml version="1.0" encoding="UTF-8"?>
<!-- Generated by org.testng.reporters.JUnitReportReporter -->
<testsuite skipped="0" hostname="DESKTOP-3SUJPVT" name="com.qa.guru.testCases.TC03_CreateNewCustomer" tests="1" failures="0" timestamp="31 Mar 2019 05:52:26 GMT" time="21.314" errors="0">
  <testcase name="createNewCustomerTest" time="21.314" classname="com.qa.guru.testCases.TC03_CreateNewCustomer"/>
</testsuite> <!-- com.qa.guru.testCases.TC03_CreateNewCustomer -->
