<?xml version="1.0" encoding="UTF-8"?>
<!-- Generated by org.testng.reporters.JUnitReportReporter -->
<testsuite skipped="0" hostname="DESKTOP-3SUJPVT" name="com.qa.guru.testCases.TC01_LoginTest" tests="1" failures="0" timestamp="05 Mar 2019 09:27:52 GMT" time="16.970" errors="0">
  <testcase name="guruApplicationLoginTest" time="16.970" classname="com.qa.guru.testCases.TC01_LoginTest"/>
</testsuite> <!-- com.qa.guru.testCases.TC01_LoginTest -->
