<?xml version="1.0" encoding="UTF-8"?>
<!-- Generated by org.testng.reporters.JUnitReportReporter -->
<testsuite skipped="0" hostname="DESKTOP-3SUJPVT" name="com.qa.guru.testCases.TC03_CreateNewCustomer" tests="1" failures="0" timestamp="05 Mar 2019 09:27:52 GMT" time="32.666" errors="0">
  <testcase name="createNewCustomerTest" time="32.666" classname="com.qa.guru.testCases.TC03_CreateNewCustomer"/>
</testsuite> <!-- com.qa.guru.testCases.TC03_CreateNewCustomer -->
